<?xml version="1.0" encoding="UTF-8" ?>
<testsuite tests="9" failures="0" name="RationalTest" time="0.006" errors="0" skipped="0">
  <properties>
[...]
</properties>
  <testcase classname="RationalTest" name="testAdd" time="0.006"/>
  <testcase classname="RationalTest" name="testSubtract" time="0"/>
  <testcase classname="RationalTest" name="testParameterizedConstructor" time="0"/>
  <testcase classname="RationalTest" name="testToString" time="0"/>
  <testcase classname="RationalTest" name="testCompareTo" time="0"/>
  <testcase classname="RationalTest" name="testDivide" time="0"/>
  <testcase classname="RationalTest" name="testEquals" time="0"/>
  <testcase classname="RationalTest" name="testMultiply" time="0"/>
  <testcase classname="RationalTest" name="testDefaultConstructor" time="0"/>
</testsuite>